2023-08-01 18:52:31,967 DEBUG Horse: Создание Horse, имя [Буцефал], скорость [2.4]
2023-08-01 18:52:31,971 DEBUG Horse: Создание Horse, имя [Туз Пик], скорость [2.5]
2023-08-01 18:52:31,971 DEBUG Horse: Создание Horse, имя [Зефир], скорость [2.6]
2023-08-01 18:52:31,971 DEBUG Horse: Создание Horse, имя [Пожар], скорость [2.7]
2023-08-01 18:52:31,971 DEBUG Horse: Создание Horse, имя [Лобстер], скорость [2.8]
2023-08-01 18:52:31,971 DEBUG Horse: Создание Horse, имя [Пегас], скорость [2.9]
2023-08-01 18:52:31,972 DEBUG Horse: Создание Horse, имя [Вишня], скорость [3.0]
2023-08-01 18:52:31,973 DEBUG Hippodrome: Создание Hippodrome, лошадей [7]
2023-08-01 18:52:31,974 INFO  Main: Начало скачек. Количество участников: 7
2023-08-01 18:52:52,357 INFO  Main: Окончание скачек. Победитель: Зефир
2023-08-01 18:55:24,943 DEBUG Horse: Создание Horse, имя [Буцефал], скорость [2.4]
2023-08-01 18:55:24,947 DEBUG Horse: Создание Horse, имя [Туз Пик], скорость [2.5]
2023-08-01 18:55:24,947 DEBUG Horse: Создание Horse, имя [Зефир], скорость [2.6]
2023-08-01 18:55:24,947 DEBUG Horse: Создание Horse, имя [Пожар], скорость [2.7]
2023-08-01 18:55:24,947 DEBUG Horse: Создание Horse, имя [Лобстер], скорость [2.8]
2023-08-01 18:55:24,947 DEBUG Horse: Создание Horse, имя [Пегас], скорость [2.9]
2023-08-01 18:55:24,947 DEBUG Horse: Создание Horse, имя [Вишня], скорость [3.0]
2023-08-01 18:55:24,949 DEBUG Hippodrome: Создание Hippodrome, лошадей [7]
2023-08-01 18:55:24,950 INFO  Main: Начало скачек. Количество участников: 7
2023-08-01 18:55:45,405 INFO  Main: Окончание скачек. Победитель: Пегас
2023-08-01 19:34:53,371 DEBUG Horse: Создание Horse, имя [Буцефал], скорость [2.4]
2023-08-01 19:34:53,374 DEBUG Horse: Создание Horse, имя [Туз Пик], скорость [2.5]
2023-08-01 19:34:53,375 DEBUG Horse: Создание Horse, имя [Зефир], скорость [2.6]
2023-08-01 19:34:53,375 DEBUG Horse: Создание Horse, имя [Пожар], скорость [2.7]
2023-08-01 19:34:53,375 DEBUG Horse: Создание Horse, имя [Лобстер], скорость [2.8]
2023-08-01 19:34:53,375 DEBUG Horse: Создание Horse, имя [Пегас], скорость [2.9]
2023-08-01 19:34:53,375 DEBUG Horse: Создание Horse, имя [Вишня], скорость [3.0]
2023-08-01 19:34:53,377 DEBUG Hippodrome: Создание Hippodrome, лошадей [7]
2023-08-01 19:34:53,377 INFO  Main: Начало скачек. Количество участников: 7
2023-08-01 19:35:13,763 INFO  Main: Окончание скачек. Победитель: Вишня
